c:\users\mario.backes\documents\visual studio 2015\projects\learncpp\hello world\multiple_files\debug\multiple_files.pch.codeanalysis
c:\users\mario.backes\documents\visual studio 2015\projects\learncpp\hello world\multiple_files\debug\vc140.pdb
c:\users\mario.backes\documents\visual studio 2015\projects\learncpp\hello world\multiple_files\debug\vc140.idb
c:\users\mario.backes\documents\visual studio 2015\projects\learncpp\hello world\multiple_files\debug\multiple_files.pch.codeanalysisast
c:\users\mario.backes\documents\visual studio 2015\projects\learncpp\hello world\multiple_files\debug\stdafx.nativecodeanalysis.xml
c:\users\mario.backes\documents\visual studio 2015\projects\learncpp\hello world\multiple_files\debug\stdafx.obj
c:\users\mario.backes\documents\visual studio 2015\projects\learncpp\hello world\multiple_files\debug\multiple_files.nativecodeanalysis.xml
c:\users\mario.backes\documents\visual studio 2015\projects\learncpp\hello world\multiple_files\debug\add.nativecodeanalysis.xml
c:\users\mario.backes\documents\visual studio 2015\projects\learncpp\hello world\multiple_files\debug\add.obj
c:\users\mario.backes\documents\visual studio 2015\projects\learncpp\hello world\multiple_files\debug\multiple_files.obj
c:\users\mario.backes\documents\visual studio 2015\projects\learncpp\hello world\debug\multiple_files.ilk
c:\users\mario.backes\documents\visual studio 2015\projects\learncpp\hello world\debug\multiple_files.exe
c:\users\mario.backes\documents\visual studio 2015\projects\learncpp\hello world\debug\multiple_files.pdb
c:\users\mario.backes\documents\visual studio 2015\projects\learncpp\hello world\multiple_files\debug\nativecodeanalysis.read.1.tlog
c:\users\mario.backes\documents\visual studio 2015\projects\learncpp\hello world\multiple_files\debug\vc.nativecodeanalysis.all.xml
c:\users\mario.backes\documents\visual studio 2015\projects\learncpp\hello world\debug\multiple_files.exe.lastcodeanalysissucceeded
c:\users\mario.backes\documents\visual studio 2015\projects\learncpp\hello world\multiple_files\debug\multiple_files.tlog\cl.command.1.tlog
c:\users\mario.backes\documents\visual studio 2015\projects\learncpp\hello world\multiple_files\debug\multiple_files.tlog\cl.read.1.tlog
c:\users\mario.backes\documents\visual studio 2015\projects\learncpp\hello world\multiple_files\debug\multiple_files.tlog\cl.write.1.tlog
c:\users\mario.backes\documents\visual studio 2015\projects\learncpp\hello world\multiple_files\debug\multiple_files.tlog\link.command.1.tlog
c:\users\mario.backes\documents\visual studio 2015\projects\learncpp\hello world\multiple_files\debug\multiple_files.tlog\link.read.1.tlog
c:\users\mario.backes\documents\visual studio 2015\projects\learncpp\hello world\multiple_files\debug\multiple_files.tlog\link.write.1.tlog
