c:\users\mario.backes\documents\visual studio 2015\projects\learncpp\hello world\calculator\debug\calculator.pch.codeanalysis
c:\users\mario.backes\documents\visual studio 2015\projects\learncpp\hello world\calculator\debug\vc140.pdb
c:\users\mario.backes\documents\visual studio 2015\projects\learncpp\hello world\calculator\debug\vc140.idb
c:\users\mario.backes\documents\visual studio 2015\projects\learncpp\hello world\calculator\debug\calculator.pch.codeanalysisast
c:\users\mario.backes\documents\visual studio 2015\projects\learncpp\hello world\calculator\debug\stdafx.nativecodeanalysis.xml
c:\users\mario.backes\documents\visual studio 2015\projects\learncpp\hello world\calculator\debug\stdafx.obj
c:\users\mario.backes\documents\visual studio 2015\projects\learncpp\hello world\calculator\debug\calculator.nativecodeanalysis.xml
c:\users\mario.backes\documents\visual studio 2015\projects\learncpp\hello world\calculator\debug\calculator.obj
c:\users\mario.backes\documents\visual studio 2015\projects\learncpp\hello world\debug\calculator.ilk
c:\users\mario.backes\documents\visual studio 2015\projects\learncpp\hello world\debug\calculator.exe
c:\users\mario.backes\documents\visual studio 2015\projects\learncpp\hello world\debug\calculator.pdb
c:\users\mario.backes\documents\visual studio 2015\projects\learncpp\hello world\calculator\debug\nativecodeanalysis.read.1.tlog
c:\users\mario.backes\documents\visual studio 2015\projects\learncpp\hello world\calculator\debug\vc.nativecodeanalysis.all.xml
c:\users\mario.backes\documents\visual studio 2015\projects\learncpp\hello world\debug\calculator.exe.lastcodeanalysissucceeded
c:\users\mario.backes\documents\visual studio 2015\projects\learncpp\hello world\calculator\debug\calculator.tlog\cl.command.1.tlog
c:\users\mario.backes\documents\visual studio 2015\projects\learncpp\hello world\calculator\debug\calculator.tlog\cl.read.1.tlog
c:\users\mario.backes\documents\visual studio 2015\projects\learncpp\hello world\calculator\debug\calculator.tlog\cl.write.1.tlog
c:\users\mario.backes\documents\visual studio 2015\projects\learncpp\hello world\calculator\debug\calculator.tlog\link.command.1.tlog
c:\users\mario.backes\documents\visual studio 2015\projects\learncpp\hello world\calculator\debug\calculator.tlog\link.read.1.tlog
c:\users\mario.backes\documents\visual studio 2015\projects\learncpp\hello world\calculator\debug\calculator.tlog\link.write.1.tlog
