c:\users\mario.backes\documents\visual studio 2015\projects\learncpp\hello world\funct_parameters\debug\funct_parameters.pch.codeanalysis
c:\users\mario.backes\documents\visual studio 2015\projects\learncpp\hello world\funct_parameters\debug\vc140.pdb
c:\users\mario.backes\documents\visual studio 2015\projects\learncpp\hello world\funct_parameters\debug\vc140.idb
c:\users\mario.backes\documents\visual studio 2015\projects\learncpp\hello world\funct_parameters\debug\funct_parameters.pch.codeanalysisast
c:\users\mario.backes\documents\visual studio 2015\projects\learncpp\hello world\funct_parameters\debug\stdafx.nativecodeanalysis.xml
c:\users\mario.backes\documents\visual studio 2015\projects\learncpp\hello world\funct_parameters\debug\stdafx.obj
c:\users\mario.backes\documents\visual studio 2015\projects\learncpp\hello world\funct_parameters\debug\funct_parameters.nativecodeanalysis.xml
c:\users\mario.backes\documents\visual studio 2015\projects\learncpp\hello world\funct_parameters\debug\funct_parameters.obj
c:\users\mario.backes\documents\visual studio 2015\projects\learncpp\hello world\debug\funct_parameters.ilk
c:\users\mario.backes\documents\visual studio 2015\projects\learncpp\hello world\debug\funct_parameters.exe
c:\users\mario.backes\documents\visual studio 2015\projects\learncpp\hello world\debug\funct_parameters.pdb
c:\users\mario.backes\documents\visual studio 2015\projects\learncpp\hello world\funct_parameters\debug\nativecodeanalysis.read.1.tlog
c:\users\mario.backes\documents\visual studio 2015\projects\learncpp\hello world\funct_parameters\debug\vc.nativecodeanalysis.all.xml
c:\users\mario.backes\documents\visual studio 2015\projects\learncpp\hello world\debug\funct_parameters.exe.lastcodeanalysissucceeded
c:\users\mario.backes\documents\visual studio 2015\projects\learncpp\hello world\funct_parameters\debug\funct_parameters.tlog\cl.command.1.tlog
c:\users\mario.backes\documents\visual studio 2015\projects\learncpp\hello world\funct_parameters\debug\funct_parameters.tlog\cl.read.1.tlog
c:\users\mario.backes\documents\visual studio 2015\projects\learncpp\hello world\funct_parameters\debug\funct_parameters.tlog\cl.write.1.tlog
c:\users\mario.backes\documents\visual studio 2015\projects\learncpp\hello world\funct_parameters\debug\funct_parameters.tlog\link.command.1.tlog
c:\users\mario.backes\documents\visual studio 2015\projects\learncpp\hello world\funct_parameters\debug\funct_parameters.tlog\link.read.1.tlog
c:\users\mario.backes\documents\visual studio 2015\projects\learncpp\hello world\funct_parameters\debug\funct_parameters.tlog\link.write.1.tlog
